# JRE version: Java(TM) SE Runtime Environment (8.0_92-b14) (build 1.8.0_92-b14)
# Java VM: Java HotSpot(TM) Client VM (25.92-b14 mixed mode windows-x86 )
Heap:
 def new generation   total 46464K, used 15431K [0x08000000, 0x0b260000, 0x12aa0000)
  eden space 41344K,  37% used [0x08000000, 0x08ef1590, 0x0a860000)
  from space 5120K,   2% used [0x0ad60000, 0x0ad80710, 0x0b260000)
  to   space 5120K,   0% used [0x0a860000, 0x0a860000, 0x0ad60000)
 tenured generation   total 103048K, used 63779K [0x12aa0000, 0x18f42000, 0x28000000)
   the space 103048K,  61% used [0x12aa0000, 0x168e8d70, 0x168e8e00, 0x18f42000)
 Metaspace       used 20736K, capacity 21213K, committed 21376K, reserved 21888K
GC Heap History (10 events):
Event: 4695.365 GC heap before
{Heap before GC invocations=13 (full 2):
 def new generation   total 46464K, used 42765K [0x08000000, 0x0b260000, 0x12aa0000)
  eden space 41344K, 100% used [0x08000000, 0x0a860000, 0x0a860000)
  from space 5120K,  27% used [0x0a860000, 0x0a9c3460, 0x0ad60000)
  to   space 5120K,   0% used [0x0ad60000, 0x0ad60000, 0x0b260000)
 tenured generation   total 103048K, used 63779K [0x12aa0000, 0x18f42000, 0x28000000)
   the space 103048K,  61% used [0x12aa0000, 0x168e8d70, 0x168e8e00, 0x18f42000)
 Metaspace       used 20598K, capacity 21080K, committed 21120K, reserved 21888K
Event: 4695.368 GC heap after
Heap after GC invocations=14 (full 2):
 def new generation   total 46464K, used 348K [0x08000000, 0x0b260000, 0x12aa0000)
  eden space 41344K,   0% used [0x08000000, 0x08000000, 0x0a860000)
  from space 5120K,   6% used [0x0ad60000, 0x0adb70a8, 0x0b260000)
  to   space 5120K,   0% used [0x0a860000, 0x0a860000, 0x0ad60000)
 tenured generation   total 103048K, used 63779K [0x12aa0000, 0x18f42000, 0x28000000)
   the space 103048K,  61% used [0x12aa0000, 0x168e8d70, 0x168e8e00, 0x18f42000)
 Metaspace       used 20598K, capacity 21080K, committed 21120K, reserved 21888K
}
Event: 6628.052 GC heap before
{Heap before GC invocations=14 (full 2):
 def new generation   total 46464K, used 41692K [0x08000000, 0x0b260000, 0x12aa0000)
  eden space 41344K, 100% used [0x08000000, 0x0a860000, 0x0a860000)
  from space 5120K,   6% used [0x0ad60000, 0x0adb70a8, 0x0b260000)
  to   space 5120K,   0% used [0x0a860000, 0x0a860000, 0x0ad60000)
 tenured generation   total 103048K, used 63779K [0x12aa0000, 0x18f42000, 0x28000000)
   the space 103048K,  61% used [0x12aa0000, 0x168e8d70, 0x168e8e00, 0x18f42000)
 Metaspace       used 20598K, capacity 21080K, committed 21120K, reserved 21888K
Event: 6628.055 GC heap after
Heap after GC invocations=15 (full 2):
 def new generation   total 46464K, used 121K [0x08000000, 0x0b260000, 0x12aa0000)
  eden space 41344K,   0% used [0x08000000, 0x08000000, 0x0a860000)
  from space 5120K,   2% used [0x0a860000, 0x0a87e608, 0x0ad60000)
  to   space 5120K,   0% used [0x0ad60000, 0x0ad60000, 0x0b260000)
 tenured generation   total 103048K, used 63779K [0x12aa0000, 0x18f42000, 0x28000000)
   the space 103048K,  61% used [0x12aa0000, 0x168e8d70, 0x168e8e00, 0x18f42000)
 Metaspace       used 20598K, capacity 21080K, committed 21120K, reserved 21888K
}
Event: 9678.244 GC heap before
{Heap before GC invocations=15 (full 2):
 def new generation   total 46464K, used 41465K [0x08000000, 0x0b260000, 0x12aa0000)
  eden space 41344K, 100% used [0x08000000, 0x0a860000, 0x0a860000)
  from space 5120K,   2% used [0x0a860000, 0x0a87e608, 0x0ad60000)
  to   space 5120K,   0% used [0x0ad60000, 0x0ad60000, 0x0b260000)
 tenured generation   total 103048K, used 63779K [0x12aa0000, 0x18f42000, 0x28000000)
   the space 103048K,  61% used [0x12aa0000, 0x168e8d70, 0x168e8e00, 0x18f42000)
 Metaspace       used 20598K, capacity 21080K, committed 21120K, reserved 21888K
Event: 9678.246 GC heap after
Heap after GC invocations=16 (full 2):
 def new generation   total 46464K, used 231K [0x08000000, 0x0b260000, 0x12aa0000)
  eden space 41344K,   0% used [0x08000000, 0x08000000, 0x0a860000)
  from space 5120K,   4% used [0x0ad60000, 0x0ad99d70, 0x0b260000)
  to   space 5120K,   0% used [0x0a860000, 0x0a860000, 0x0ad60000)
 tenured generation   total 103048K, used 63779K [0x12aa0000, 0x18f42000, 0x28000000)
   the space 103048K,  61% used [0x12aa0000, 0x168e8d70, 0x168e8e00, 0x18f42000)
 Metaspace       used 20598K, capacity 21080K, committed 21120K, reserved 21888K
}
Event: 11252.818 GC heap before
{Heap before GC invocations=16 (full 2):
 def new generation   total 46464K, used 41575K [0x08000000, 0x0b260000, 0x12aa0000)
  eden space 41344K, 100% used [0x08000000, 0x0a860000, 0x0a860000)
  from space 5120K,   4% used [0x0ad60000, 0x0ad99d70, 0x0b260000)
  to   space 5120K,   0% used [0x0a860000, 0x0a860000, 0x0ad60000)
 tenured generation   total 103048K, used 63779K [0x12aa0000, 0x18f42000, 0x28000000)
   the space 103048K,  61% used [0x12aa0000, 0x168e8d70, 0x168e8e00, 0x18f42000)
 Metaspace       used 20598K, capacity 21080K, committed 21120K, reserved 21888K
Event: 11252.820 GC heap after
Heap after GC invocations=17 (full 2):
 def new generation   total 46464K, used 116K [0x08000000, 0x0b260000, 0x12aa0000)
  eden space 41344K,   0% used [0x08000000, 0x08000000, 0x0a860000)
  from space 5120K,   2% used [0x0a860000, 0x0a87d320, 0x0ad60000)
  to   space 5120K,   0% used [0x0ad60000, 0x0ad60000, 0x0b260000)
 tenured generation   total 103048K, used 63779K [0x12aa0000, 0x18f42000, 0x28000000)
   the space 103048K,  61% used [0x12aa0000, 0x168e8d70, 0x168e8e00, 0x18f42000)
 Metaspace       used 20598K, capacity 21080K, committed 21120K, reserved 21888K
}
Event: 13127.232 GC heap before
{Heap before GC invocations=17 (full 2):
 def new generation   total 46464K, used 41460K [0x08000000, 0x0b260000, 0x12aa0000)
  eden space 41344K, 100% used [0x08000000, 0x0a860000, 0x0a860000)
  from space 5120K,   2% used [0x0a860000, 0x0a87d320, 0x0ad60000)
  to   space 5120K,   0% used [0x0ad60000, 0x0ad60000, 0x0b260000)
 tenured generation   total 103048K, used 63779K [0x12aa0000, 0x18f42000, 0x28000000)
   the space 103048K,  61% used [0x12aa0000, 0x168e8d70, 0x168e8e00, 0x18f42000)
 Metaspace       used 20601K, capacity 21080K, committed 21120K, reserved 21888K
Event: 13127.236 GC heap after
Heap after GC invocations=18 (full 2):
 def new generation   total 46464K, used 129K [0x08000000, 0x0b260000, 0x12aa0000)
  eden space 41344K,   0% used [0x08000000, 0x08000000, 0x0a860000)
  from space 5120K,   2% used [0x0ad60000, 0x0ad80710, 0x0b260000)
  to   space 5120K,   0% used [0x0a860000, 0x0a860000, 0x0ad60000)
 tenured generation   total 103048K, used 63779K [0x12aa0000, 0x18f42000, 0x28000000)
   the space 103048K,  61% used [0x12aa0000, 0x168e8d70, 0x168e8e00, 0x18f42000)
 Metaspace       used 20601K, capacity 21080K, committed 21120K, reserved 21888K
}

